<?xml version="1.0" encoding="UTF-8"?>
<!-- Generated by org.testng.reporters.JUnitXMLReporter -->
<testsuite ignored="0" hostname="DESKTOP-AK72CGG" failures="0" tests="3" name="Default test" time="6.715" errors="0" timestamp="2023-06-08T06:44:20 PDT">
  <testcase classname="Library.AddUser" name="CreateUser" time="6.409"/>
  <testcase classname="Library.AddUser" name="GetUser" time="0.12"/>
  <testcase classname="Library.AddUser" name="UpdateUser" time="0.075"/>
</testsuite> <!-- Default test -->
