<?xml version="1.0" encoding="UTF-8"?>
<!-- Generated by org.testng.reporters.JUnitXMLReporter -->
<testsuite ignored="0" hostname="DESKTOP-AK72CGG" failures="0" tests="4" name="Default test" time="5.688" errors="0" timestamp="2023-06-08T06:51:23 PDT">
  <testcase classname="Library.AddUser" name="CreateUser" time="5.254"/>
  <testcase classname="Library.AddUser" name="GetUser" time="0.178"/>
  <testcase classname="Library.AddUser" name="UpdateUser" time="0.069"/>
  <testcase classname="Library.AddUser" name="DeleteUser" time="0.049"/>
</testsuite> <!-- Default test -->
