<?xml version="1.0" encoding="UTF-8"?>
<testng-results ignored="0" total="4" passed="4" failed="0" skipped="0">
  <reporter-output>
  </reporter-output>
  <suite started-at="2023-06-08T06:51:17 PDT" name="Default suite" finished-at="2023-06-08T06:51:23 PDT" duration-ms="5688">
    <groups>
    </groups>
    <test started-at="2023-06-08T06:51:17 PDT" name="Default test" finished-at="2023-06-08T06:51:23 PDT" duration-ms="5688">
      <class name="Library.AddUser">
        <test-method signature="CreateUser()[pri:1, instance:Library.AddUser@4310d43]" started-at="2023-06-08T06:51:17 PDT" name="CreateUser" finished-at="2023-06-08T06:51:22 PDT" duration-ms="5254" status="PASS">
          <reporter-output>
          </reporter-output>
        </test-method> <!-- CreateUser -->
        <test-method signature="GetUser()[pri:2, instance:Library.AddUser@4310d43]" started-at="2023-06-08T06:51:22 PDT" name="GetUser" finished-at="2023-06-08T06:51:23 PDT" duration-ms="178" status="PASS">
          <reporter-output>
          </reporter-output>
        </test-method> <!-- GetUser -->
        <test-method signature="UpdateUser()[pri:3, instance:Library.AddUser@4310d43]" started-at="2023-06-08T06:51:23 PDT" name="UpdateUser" finished-at="2023-06-08T06:51:23 PDT" duration-ms="69" status="PASS">
          <reporter-output>
          </reporter-output>
        </test-method> <!-- UpdateUser -->
        <test-method signature="DeleteUser()[pri:4, instance:Library.AddUser@4310d43]" started-at="2023-06-08T06:51:23 PDT" name="DeleteUser" finished-at="2023-06-08T06:51:23 PDT" duration-ms="49" status="PASS">
          <reporter-output>
          </reporter-output>
        </test-method> <!-- DeleteUser -->
      </class> <!-- Library.AddUser -->
    </test> <!-- Default test -->
  </suite> <!-- Default suite -->
</testng-results>
