<?xml version="1.0" encoding="UTF-8"?>
<testng-results ignored="0" total="1" passed="1" failed="0" skipped="0">
  <reporter-output>
  </reporter-output>
  <suite started-at="2023-06-08T06:17:54 PDT" name="Default suite" finished-at="2023-06-08T06:17:58 PDT" duration-ms="4182">
    <groups>
    </groups>
    <test started-at="2023-06-08T06:17:54 PDT" name="Default test" finished-at="2023-06-08T06:17:58 PDT" duration-ms="4182">
      <class name="Library.AddUser">
        <test-method signature="AddPlace()[pri:1, instance:Library.AddUser@36916eb0]" started-at="2023-06-08T06:17:54 PDT" name="AddPlace" finished-at="2023-06-08T06:17:58 PDT" duration-ms="4063" status="PASS">
          <reporter-output>
          </reporter-output>
        </test-method> <!-- AddPlace -->
      </class> <!-- Library.AddUser -->
    </test> <!-- Default test -->
  </suite> <!-- Default suite -->
</testng-results>
